blastn -query /Users/zyy/Desktop/code/dbEssLnc-main/blast/temp/T4jheJID.fasta -out /Users/zyy/Desktop/code/dbEssLnc-main/blast/temp/CIMVVywK.txt -db /Users/zyy/Desktop/code/dbEssLnc-main/blast/lncrna/lncrna.fasta -outfmt "6 qseqid sseqid pident length evalue bitscore " -evalue 1e-7 -word_size 11
[
  'NONMMUT015694.2\tNONMMUT015694.2\t100.000\t1972\t0.0\t3642\r',
  'NONMMUT015694.2\tNONMMUT015695.2\t100.000\t1450\t0.0\t2678\r',
  'NONMMUT015694.2\tNONMMUT015695.2\t100.000\t184\t4.16e-93\t340\r',
  'NONMMUT015694.2\tNONMMUT141633.1\t99.920\t1243\t0.0\t2289\r',
  'NONMMUT015694.2\tNONMMUT141633.1\t100.000\t339\t2.85e-179\t627\r',
  'NONMMUT015694.2\tNONMMUT141633.1\t100.000\t210\t1.47e-107\t388\r',
  'NONMMUT015694.2\tNONMMUT141628.1\t100.000\t1134\t0.0\t2095\r',
  'NONMMUT015694.2\tNONMMUT141628.1\t100.000\t339\t2.85e-179\t627\r',
  'NONMMUT015694.2\tNONMMUT141628.1\t100.000\t317\t4.84e-167\t586\r',
  'NONMMUT015694.2\tNONMMUT141632.1\t100.000\t926\t0.0\t1711\r',
  'NONMMUT015694.2\tNONMMUT141632.1\t100.000\t431\t0.0\t797\r',
  'NONMMUT015694.2\tNONMMUT141632.1\t100.000\t339\t2.85e-179\t627\r',
  'NONMMUT015694.2\tNONMMUT141631.1\t100.000\t926\t0.0\t1711\r',
  'NONMMUT015694.2\tNONMMUT141631.1\t100.000\t339\t2.85e-179\t627\r',
  'NONMMUT015694.2\tNONMMUT141631.1\t100.000\t317\t4.84e-167\t586\r',
  'NONMMUT015694.2\tNONMMUT141631.1\t100.000\t116\t2.63e-55\t215\r',
  'NONMMUT015694.2\tNONMMUT141629.1\t100.000\t926\t0.0\t1711\r',
  'NONMMUT015694.2\tNONMMUT141629.1\t100.000\t340\t7.94e-180\t628\r',
  'NONMMUT015694.2\tNONMMUT141629.1\t100.000\t235\t1.86e-121\t435\r',
  'NONMMUT015694.2\tNONMMUT141629.1\t100.000\t116\t2.63e-55\t215\r',
  'NONMMUT015694.2\tNONMMUT141625.1\t100.000\t926\t0.0\t1711\r',
  'NONMMUT015694.2\tNONMMUT141625.1\t100.000\t116\t2.63e-55\t215\r',
  'NONMMUT015694.2\tNONMMUT141626.1\t99.892\t928\t0.0\t1707\r',
  'NONMMUT015694.2\tNONMMUT141626.1\t100.000\t210\t1.47e-107\t388\r',
  'NONMMUT015694.2\tNONMMUT015696.2\t99.892\t928\t0.0\t1707\r',
  'NONMMUT015694.2\tNONMMUT015696.2\t100.000\t339\t2.85e-179\t627\r',
  'NONMMUT015694.2\tNONMMUT015696.2\t100.000\t317\t4.84e-167\t586\r',
  'NONMMUT015694.2\tNONMMUT015696.2\t100.000\t210\t1.47e-107\t388\r',
  'NONMMUT015694.2\tNONMMUT015697.2\t100.000\t921\t0.0\t1701\r',
  'NONMMUT015694.2\tNONMMUT015697.2\t100.000\t96\t3.46e-44\t178\r',
  'NONMMUT015694.2\tNONMMUT015698.2\t99.892\t922\t0.0\t1696\r',
  'NONMMUT015694.2\tNONMMUT015698.2\t100.000\t338\t1.03e-178\t625\r',
  'NONMMUT015694.2\tNONMMUT015698.2\t100.000\t317\t4.84e-167\t586\r',
  'NONMMUT015694.2\tNONMMUT015698.2\t100.000\t116\t2.63e-55\t215\r',
  'NONMMUT015694.2\tNONMMUT015699.2\t99.879\t827\t0.0\t1520\r',
  'NONMMUT015694.2\tNONMMUT015699.2\t100.000\t432\t0.0\t798\r',
  'NONMMUT015694.2\tNONMMUT141624.1\t99.635\t821\t0.0\t1498\r',
  'NONMMUT015694.2\tNONMMUT141624.1\t100.000\t210\t1.47e-107\t388\r',
  'NONMMUT015694.2\tNONMMUT141624.1\t100.000\t116\t2.63e-55\t215\r',
  'NONMMUT015694.2\tNONMMUT141634.1\t99.861\t720\t0.0\t1323\r',
  'NONMMUT015694.2\tNONMMUT141634.1\t100.000\t431\t0.0\t797\r',
  'NONMMUT015694.2\tNONMMUT141634.1\t100.000\t339\t2.85e-179\t627\r',
  'NONMMUT015694.2\tNONMMUT141634.1\t100.000\t210\t1.47e-107\t388\r',
  'NONMMUT015694.2\tNONMMUT141630.1\t99.861\t720\t0.0\t1323\r',
  'NONMMUT015694.2\tNONMMUT141630.1\t100.000\t339\t2.85e-179\t627\r',
  'NONMMUT015694.2\tNONMMUT141630.1\t100.000\t317\t4.84e-167\t586\r',
  'NONMMUT015694.2\tNONMMUT141630.1\t100.000\t210\t1.47e-107\t388\r',
  'NONMMUT015694.2\tNONMMUT141627.1\t99.861\t720\t0.0\t1323\r',
  'NONMMUT015694.2\tNONMMUT141627.1\t100.000\t339\t2.85e-179\t627\r',
  'NONMMUT015694.2\tNONMMUT141627.1\t100.000\t317\t4.84e-167\t586\r',
  'NONMMUT015694.2\tNONMMUT141627.1\t100.000\t210\t1.47e-107\t388\r',
  'NONMMUT015694.2\tNONMMUT141627.1\t100.000\t116\t2.63e-55\t215\r',
  'NONMMUT015694.2\tNONMMUT141636.1\t100.000\t432\t0.0\t798\r',
  'NONMMUT015694.2\tNONMMUT141636.1\t100.000\t340\t7.94e-180\t628\r',
  'NONMMUT015694.2\tNONMMUT015703.2\t100.000\t432\t0.0\t798\r',
  'NONMMUT015694.2\tNONMMUT015703.2\t99.707\t341\t1.03e-178\t625\r',
  'NONMMUT015694.2\tNONMMUT015703.2\t100.000\t184\t4.16e-93\t340\r',
  'NONMMUT015694.2\tNONMMUT015706.2\t100.000\t431\t0.0\t797\r',
  'NONMMUT015694.2\tNONMMUT015706.2\t100.000\t339\t2.85e-179\t627\r',
  'NONMMUT015694.2\tNONMMUT015700.2\t100.000\t388\t0.0\t717\r',
  'NONMMUT015694.2\tNONMMUT141635.1\t100.000\t339\t2.85e-179\t627\r',
  'NONMMUT015694.2\tNONMMUT141635.1\t100.000\t317\t4.84e-167\t586\r',
  'NONMMUT015694.2\tNONMMUT141635.1\t100.000\t116\t2.63e-55\t215\r',
  'NONMMUT015694.2\tNONMMUT015708.2\t100.000\t339\t2.85e-179\t627\r',
  'NONMMUT015694.2\tNONMMUT015708.2\t100.000\t317\t4.84e-167\t586\r',
  'NONMMUT015694.2\tNONMMUT015725.2\t99.704\t338\t4.78e-177\t619\r',
  'NONMMUT015694.2\tNONMMUT015707.2\t100.000\t332\t2.22e-175\t614\r',
  'NONMMUT015694.2\tNONMMUT015707.2\t100.000\t282\t1.39e-147\t521\r',
  'NONMMUT015694.2\tNONMMUT015707.2\t100.000\t99\t7.43e-46\t183\r',
  'NONMMUT015694.2\tNONMMUT141637.1\t100.000\t319\t3.74e-168\t590\r',
  'NONMMUT015694.2\tNONMMUT141637.1\t100.000\t184\t4.16e-93\t340\r',
  'NONMMUT015694.2\tNONMMUT015709.2\t100.000\t318\t1.35e-167\t588\r',
  'NONMMUT015694.2\tNONMMUT015709.2\t100.000\t184\t4.16e-93\t340\r',
  'NONMMUT015694.2\tNONMMUT015711.2\t100.000\t226\t1.87e-116\t418\r',
  'NONMMUT015694.2\tNONMMUT015711.2\t86.154\t65\t7.80e-11\t67.6\r',
  'NONMMUT015694.2\tNONMMUT015711.2\t86.154\t65\t7.80e-11\t67.6\r',
  'NONMMUT015694.2\tNONMMUT015710.2\t100.000\t200\t5.31e-102\t370\r',
  'NONMMUT015694.2\tNONHSAT039759.2\t72.727\t847\t3.41e-54\t211\r',
  'NONMMUT015694.2\tNONHSAT039759.2\t90.000\t90\t2.75e-25\t115\r',
  'NONMMUT015694.2\tNONHSAT039758.2\t72.727\t847\t3.41e-54\t211\r',
  'NONMMUT015694.2\tNONHSAT039758.2\t90.000\t90\t2.75e-25\t115\r',
  'NONMMUT015694.2\tNONHSAT039757.2\t72.727\t847\t3.41e-54\t211\r',
  'NONMMUT015694.2\tNONHSAT039757.2\t82.278\t158\t2.73e-30\t132\r',
  'NONMMUT015694.2\tNONHSAT039757.2\t90.000\t90\t2.75e-25\t115\r',
  'NONMMUT015694.2\tNONHSAT039756.2\t72.727\t847\t3.41e-54\t211\r',
  'NONMMUT015694.2\tNONHSAT039756.2\t82.278\t158\t2.73e-30\t132\r',
  'NONMMUT015694.2\tNONHSAT039756.2\t90.000\t90\t2.75e-25\t115\r',
  'NONMMUT015694.2\tNONHSAT039755.2\t72.727\t847\t3.41e-54\t211\r',
  'NONMMUT015694.2\tNONHSAT039755.2\t90.000\t90\t2.75e-25\t115\r',
  'NONMMUT015694.2\tNONHSAT039754.2\t72.727\t847\t3.41e-54\t211\r',
  'NONMMUT015694.2\tNONHSAT039754.2\t90.000\t90\t2.75e-25\t115\r',
  'NONMMUT015694.2\tNONHSAT039750.2\t72.727\t847\t3.41e-54\t211\r',
  'NONMMUT015694.2\tNONHSAT039750.2\t82.278\t158\t2.73e-30\t132\r',
  'NONMMUT015694.2\tNONHSAT039750.2\t90.000\t90\t2.75e-25\t115\r',
  'NONMMUT015694.2\tNONHSAT039749.2\t72.727\t847\t3.41e-54\t211\r',
  'NONMMUT015694.2\tNONHSAT039749.2\t82.278\t158\t2.73e-30\t132\r',
  'NONMMUT015694.2\tNONHSAT039749.2\t90.000\t90\t2.75e-25\t115\r',
  'NONMMUT015694.2\tNONHSAT039748.2\t72.727\t847\t3.41e-54\t211\r',
  'NONMMUT015694.2\tNONHSAT039748.2\t82.278\t158\t2.73e-30\t132\r',
  'NONMMUT015694.2\tNONHSAT039747.2\t72.727\t847\t3.41e-54\t211\r',
  ... 73 more items
]
